Change Component Designator: OldDesignator=*1 NewDesignator=Buz
Change Component Designator: OldDesignator=C? NewDesignator=C4
Change Component Designator: OldDesignator=IC1 NewDesignator=U4
Change Component Designator: OldDesignator=IC3 NewDesignator=U5
Change Component Designator: OldDesignator=R1 NewDesignator=R8
Change Component Designator: OldDesignator=R2 NewDesignator=R1
Change Component Designator: OldDesignator=R3 NewDesignator=R6
Change Component Designator: OldDesignator=R5 NewDesignator=R3
Change Component Designator: OldDesignator=R6 NewDesignator=R5
Change Component Designator: OldDesignator=R7 NewDesignator=R9
Change Component Designator: OldDesignator=R8 NewDesignator=R7
Change Component Designator: OldDesignator=R9 NewDesignator=R2
Change Component Designator: OldDesignator=U1 NewDesignator=U3
Change Component Designator: OldDesignator=U3 NewDesignator=U1
Change Net Name : Old Net Name=Net*1_2 New Net Name=NetBuz_2
Change Net Name : Old Net Name=NetIC1_1 New Net Name=NetR15_2
Change Net Name : Old Net Name=NetIC1_5 New Net Name=NetIC2_3
Change Net Name : Old Net Name=NetIC1_10 New Net Name=NetIC2_6
Change Net Name : Old Net Name=NetIC1_15 New Net Name=NetR10_2
Change Net Name : Old Net Name=NetIC3_1 New Net Name=NetR29_2
Change Net Name : Old Net Name=NetIC3_15 New Net Name=NetR28_2
Change Net Name : Old Net Name=NetR2_1 New Net Name=NetR1_1
Change Net Name : Old Net Name=NetR3_1 New Net Name=NetR6_1
