Change Component Designator: OldDesignator=P1 NewDesignator=P2
Change Component Designator: OldDesignator=P2 NewDesignator=P3
Change Component Designator: OldDesignator=P3 NewDesignator=P5
Change Component Designator: OldDesignator=P4 NewDesignator=P6
Change Component Designator: OldDesignator=P5 NewDesignator=P7
Change Component Designator: OldDesignator=R1 NewDesignator=R2
Change Component Designator: OldDesignator=R2 NewDesignator=R4
Change Component Designator: OldDesignator=R3 NewDesignator=R5
Change Component Designator: OldDesignator=R4 NewDesignator=R6
Change Component Designator: OldDesignator=R5 NewDesignator=R9
Change Component Designator: OldDesignator=R6 NewDesignator=R10
Change Component Designator: OldDesignator=R7 NewDesignator=R11
Change Component Designator: OldDesignator=R8 NewDesignator=R12
Change Component Designator: OldDesignator=R9 NewDesignator=R13
Change Component Designator: OldDesignator=R10 NewDesignator=R14
Change Component Designator: OldDesignator=R11 NewDesignator=R15
Change Component Designator: OldDesignator=R12 NewDesignator=R16
Change Component Designator: OldDesignator=R13 NewDesignator=R17
Change Component Designator: OldDesignator=R14 NewDesignator=R18
Change Component Designator: OldDesignator=R15 NewDesignator=R19
Change Component Designator: OldDesignator=R16 NewDesignator=R20
Change Component Designator: OldDesignator=R17 NewDesignator=R21
Change Component Designator: OldDesignator=R18 NewDesignator=R22
Change Component Designator: OldDesignator=R19 NewDesignator=R23
Change Component Designator: OldDesignator=R20 NewDesignator=R24
Change Component Designator: OldDesignator=R21 NewDesignator=R25
Change Component Designator: OldDesignator=R22 NewDesignator=R26
Change Component Designator: OldDesignator=R23 NewDesignator=R27
Change Component Designator: OldDesignator=R24 NewDesignator=R28
Change Component Designator: OldDesignator=R25 NewDesignator=R29
Change Component Designator: OldDesignator=U1 NewDesignator=U2
Change Component Designator: OldDesignator=U2 NewDesignator=U3
Added Component: Designator=*1(BUZZER SMD)
Added Component: Designator=P1(Header 2X10)
Added Component: Designator=P4(Header 2X10)
Added Component: Designator=Q1(SC-43-BCE)
Added Component: Designator=R1(R0805)
Added Component: Designator=R3(R0805)
Added Component: Designator=R7(R0805)
Added Component: Designator=R8(R0805)
Added Component: Designator=U1(MSOP-8)
Added Pin To Net: NetName=VCC Pin=*1-1
Added Pin To Net: NetName=GND Pin=P1-1
Added Pin To Net: NetName=GND Pin=P1-2
Added Pin To Net: NetName=GND Pin=P1-5
Added Pin To Net: NetName=GND Pin=P4-1
Added Pin To Net: NetName=GND Pin=P4-2
Added Pin To Net: NetName=VCC Pin=P4-3
Added Pin To Net: NetName=VCC Pin=P4-4
Added Pin To Net: NetName=VIN Pin=R3-2
Added Pin To Net: NetName=GND Pin=R7-1
Added Pin To Net: NetName=GND Pin=R8-1
Added Pin To Net: NetName=GND Pin=U1-4
Added Pin To Net: NetName=+3V3 Pin=U1-8
Change Net Name : Old Net Name=NetIC1_6 New Net Name=SPEEDCTLMOTORA
Change Net Name : Old Net Name=NetIC1_7 New Net Name=DIRCTLMOTORA
Change Net Name : Old Net Name=NetIC1_11 New Net Name=SPEEDCTLMOTORB
Change Net Name : Old Net Name=NetIC1_12 New Net Name=DIRCTLMOTORB
Change Net Name : Old Net Name=NetIC2_9 New Net Name=DIRCTLMOTORD
Change Net Name : Old Net Name=NetIC2_12 New Net Name=DIRCTLMOTORC
Change Net Name : Old Net Name=NetIC3_6 New Net Name=SPEEDCTLMOTORC
Change Net Name : Old Net Name=NetIC3_11 New Net Name=SPEEDCTLMOTORD
Change Net Name : Old Net Name=NetR1_1 New Net Name=NetR2_1
Added Pin To Net: NetName=3V Pin=P4-5
Added Pin To Net: NetName=3V Pin=P4-6
Added Net: Name=3V
Added Pin To Net: NetName=Net*1_2 Pin=*1-2
Added Pin To Net: NetName=Net*1_2 Pin=Q1-C
Added Net: Name=Net*1_2
Added Pin To Net: NetName=NetQ1_B Pin=Q1-B
Added Pin To Net: NetName=NetQ1_B Pin=R1-2
Added Net: Name=NetQ1_B
Added Pin To Net: NetName=NetQ1_E Pin=Q1-E
Added Pin To Net: NetName=NetQ1_E Pin=R7-2
Added Net: Name=NetQ1_E
Added Pin To Net: NetName=NetR3_1 Pin=R3-1
Added Pin To Net: NetName=NetR3_1 Pin=R8-2
Added Pin To Net: NetName=NetR3_1 Pin=U1-3
Added Net: Name=NetR3_1
Added Pin To Net: NetName=NRST Pin=P1-6
Added Net: Name=NRST
Added Pin To Net: NetName=PA0 Pin=P1-12
Added Net: Name=PA0
Added Pin To Net: NetName=PA1 Pin=P1-11
Added Net: Name=PA1
Added Pin To Net: NetName=PA2 Pin=P1-14
Added Net: Name=PA2
Added Pin To Net: NetName=PA3 Pin=P1-13
Added Net: Name=PA3
Added Pin To Net: NetName=PA4 Pin=P1-16
Added Net: Name=PA4
Added Pin To Net: NetName=PA5 Pin=P1-15
Added Net: Name=PA5
Added Pin To Net: NetName=PA6 Pin=P1-18
Added Net: Name=PA6
Added Pin To Net: NetName=PA7 Pin=P1-17
Added Net: Name=PA7
Added Pin To Net: NetName=PB8 Pin=P4-19
Added Net: Name=PB8
Added Pin To Net: NetName=PB9 Pin=P4-20
Added Net: Name=PB9
Added Pin To Net: NetName=PC0 Pin=P1-8
Added Net: Name=PC0
Added Pin To Net: NetName=PC1 Pin=P1-7
Added Net: Name=PC1
Added Pin To Net: NetName=PC2 Pin=P1-10
Added Net: Name=PC2
Added Pin To Net: NetName=PC3 Pin=P1-9
Added Net: Name=PC3
Added Pin To Net: NetName=PC4 Pin=P1-20
Added Net: Name=PC4
Added Pin To Net: NetName=PC5 Pin=P1-19
Added Net: Name=PC5
Added Pin To Net: NetName=PC13 Pin=P4-12
Added Net: Name=PC13
Added Pin To Net: NetName=PC14 Pin=P4-9
Added Net: Name=PC14
Added Pin To Net: NetName=PC15 Pin=P4-10
Added Net: Name=PC15
Added Pin To Net: NetName=PE0 Pin=P4-17
Added Net: Name=PE0
Added Pin To Net: NetName=PE1 Pin=P4-18
Added Net: Name=PE1
Added Pin To Net: NetName=PE2 Pin=P4-15
Added Net: Name=PE2
Added Pin To Net: NetName=PE3 Pin=P4-16
Added Net: Name=PE3
Added Pin To Net: NetName=PE4 Pin=P4-13
Added Net: Name=PE4
Added Pin To Net: NetName=PE5 Pin=P4-14
Added Net: Name=PE5
Added Pin To Net: NetName=PE6 Pin=P4-11
Added Net: Name=PE6
Added Pin To Net: NetName=PH0 Pin=P4-7
Added Net: Name=PH0
Added Pin To Net: NetName=PH1 Pin=P4-8
Added Net: Name=PH1
Added Pin To Net: NetName=PWMBUZZER Pin=R1-1
Added Net: Name=PWMBUZZER
Added Pin To Net: NetName=READBATRVOLT Pin=U1-1
Added Pin To Net: NetName=READBATRVOLT Pin=U1-2
Added Net: Name=READBATRVOLT
Added Pin To Net: NetName=VDD Pin=P1-3
Added Pin To Net: NetName=VDD Pin=P1-4
Added Net: Name=VDD
Added Member To Class: ClassName=[BB]PowerSuppyandMotorDriver_REV1.0 Member=Component *1 Buzzer
Added Member To Class: ClassName=[BB]PowerSuppyandMotorDriver_REV1.0 Member=Component P6 Domino 4
Added Member To Class: ClassName=[BB]PowerSuppyandMotorDriver_REV1.0 Member=Component P7 Domino 4
Added Member To Class: ClassName=[BB]PowerSuppyandMotorDriver_REV1.0 Member=Component Q1 NPN Transistor
Added Member To Class: ClassName=[BB]PowerSuppyandMotorDriver_REV1.0 Member=Component R26 100k-5%
Added Member To Class: ClassName=[BB]PowerSuppyandMotorDriver_REV1.0 Member=Component R27 100k-5%
Added Member To Class: ClassName=[BB]PowerSuppyandMotorDriver_REV1.0 Member=Component R28 0.56R-1%
Added Member To Class: ClassName=[BB]PowerSuppyandMotorDriver_REV1.0 Member=Component R29 0.56R-1%
Added Member To Class: ClassName=[BB]PowerSuppyandMotorDriver_REV1.0 Member=Component U3 TPS54xx
